\BOOKMARK [0][-]{chapter*.2}{\376\377\000B\000e\000v\000e\000z\000e\000t\000\351\000s}{}% 1
\BOOKMARK [0][-]{chapter.1}{\376\377\0001\000.\000\040\000T\000e\000c\000h\000n\000o\000l\000\363\000g\000i\000\341\000k}{}% 2
\BOOKMARK [1][-]{section.1.1}{\376\377\0001\000.\0001\000.\000\040\000E\000s\000z\000k\000\366\000z\000\040\000o\000l\000d\000a\000l}{chapter.1}% 3
\BOOKMARK [2][-]{subsection.1.1.1}{\376\377\0001\000.\0001\000.\0001\000.\000\040\000P\000r\000o\000g\000r\000a\000m\000o\000z\000\341\000s\000i\000\040\000n\000y\000e\000l\000v}{section.1.1}% 4
\BOOKMARK [2][-]{subsection.1.1.2}{\376\377\0001\000.\0001\000.\0002\000.\000\040\000I\000D\000E}{section.1.1}% 5
\BOOKMARK [1][-]{section.1.2}{\376\377\0001\000.\0002\000.\000\040\000A\000P\000I}{chapter.1}% 6
\BOOKMARK [1][-]{section.1.3}{\376\377\0001\000.\0003\000.\000\040\000A\000d\000a\000t\000b\000\341\000z\000i\000s}{chapter.1}% 7
\BOOKMARK [2][-]{subsection.1.3.1}{\376\377\0001\000.\0003\000.\0001\000.\000\040\000M\000o\000n\000g\000o\000D\000B\000\040\000s\000t\000r\000u\000k\000t\000\372\000r\000\341\000j\000a}{section.1.3}% 8
\BOOKMARK [1][-]{section.1.4}{\376\377\0001\000.\0004\000.\000\040\000F\000r\000o\000n\000t\000e\000n\000d\000\040\000t\000e\000c\000h\000n\000o\000l\000\363\000g\000i\000a}{chapter.1}% 9
\BOOKMARK [2][-]{subsection.1.4.1}{\376\377\0001\000.\0004\000.\0001\000.\000\040\000M\000i\000\351\000r\000t\000\040\000F\000l\000u\000t\000t\000e\000r\000?}{section.1.4}% 10
\BOOKMARK [2][-]{subsection.1.4.2}{\376\377\0001\000.\0004\000.\0002\000.\000\040\000F\000l\000u\000t\000t\000e\000r\000\040\000i\000s\000m\000e\000r\000t\000e\000t\000\351\000s\000e}{section.1.4}% 11
\BOOKMARK [0][-]{chapter.2}{\376\377\0002\000.\000\040\000E\000S\000P\0003\0002\000,\000\040\000a\000z\000\040\000e\000s\000z\000k\000\366\000z}{}% 12
\BOOKMARK [1][-]{section.2.1}{\376\377\0002\000.\0001\000.\000\040\000E\000S\000P\0003\0002\000\040\000b\000e\000m\000u\000t\000a\000t\000\341\000s\000a}{chapter.2}% 13
\BOOKMARK [1][-]{section.2.2}{\376\377\0002\000.\0002\000.\000\040\000F\000e\000j\000l\000e\000s\000z\000t\000\351\000s}{chapter.2}% 14
\BOOKMARK [2][-]{subsection.2.2.1}{\376\377\0002\000.\0002\000.\0001\000.\000\040\000H\000a\000r\000d\000v\000e\000r\000\040\000s\000z\000i\000n\000t\001\161\000\040\000f\000e\000j\000l\000e\000s\000z\000t\000\351\000s}{section.2.2}% 15
\BOOKMARK [2][-]{subsection.2.2.2}{\376\377\0002\000.\0002\000.\0002\000.\000\040\000S\000z\000o\000f\000t\000v\000e\000r\000\040\000f\000e\000j\000l\000e\000s\000z\000t\000\351\000s\000e\000\040\000\351\000s\000\040\000f\000e\000l\000t\000\341\000r\000t\000\040\000p\000r\000o\000b\000l\000\351\000m\000\341\000k}{section.2.2}% 16
\BOOKMARK [2][-]{subsection.2.2.3}{\376\377\0002\000.\0002\000.\0003\000.\000\040\000M\001\161\000k\000\366\000d\000\351\000s\000e}{section.2.2}% 17
\BOOKMARK [0][-]{chapter.3}{\376\377\0003\000.\000\040\000A\000P\000I}{}% 18
\BOOKMARK [1][-]{section.3.1}{\376\377\0003\000.\0001\000.\000\040\000A\000d\000a\000t\000b\000\341\000z\000i\000s\000\040\000k\000e\000z\000e\000l\000\351\000s\000e}{chapter.3}% 19
\BOOKMARK [1][-]{section.3.2}{\376\377\0003\000.\0002\000.\000\040\000V\000\351\000g\000p\000o\000n\000t\000o\000k}{chapter.3}% 20
\BOOKMARK [2][-]{subsection.3.2.1}{\376\377\0003\000.\0002\000.\0001\000.\000\040\000M\000i\000\040\000f\000e\000l\000e\000l\000\040\000m\000e\000g\000\040\000a\000z\000\040\000e\000l\000v\000\341\000r\000\341\000s\000o\000k\000n\000a\000k\000?}{section.3.2}% 21
\BOOKMARK [2][-]{subsection.3.2.2}{\376\377\0003\000.\0002\000.\0002\000.\000\040\000L\000o\000n\000g\000-\000P\000o\000l\000l\000i\000n\000g\000\040\000m\000e\000g\000v\000a\000l\000\363\000s\000\355\000t\000\341\000s\000a}{section.3.2}% 22
\BOOKMARK [0][-]{chapter.4}{\376\377\0004\000.\000\040\000F\000r\000o\000n\000t\000e\000n\000d}{}% 23
